<?xml version="1.0" encoding="UTF-8"?>
<!-- Generated by org.testng.reporters.JUnitXMLReporter -->
<testsuite hostname="psq" ignored="2" name="Default test" tests="4" failures="0" timestamp="02 Jun 2017 12:30:04 GMT" time="64.827" errors="0">
  <testcase name="setUp" time="22.576" classname="ChurchApp_Pack_Sanity.ChurchApp_Sanity"/>
  <testcase name="EventScreen" time="12.265" classname="ChurchApp_Pack_Sanity.ChurchApp_Sanity"/>
  <testcase name="AllEventsMonthDate" time="14.988" classname="ChurchApp_Pack_Sanity.ChurchApp_Sanity"/>
  <testcase name="Events_Count" time="14.962" classname="ChurchApp_Pack_Sanity.ChurchApp_Sanity"/>
  <testcase name="ActivityScreen" time="0.0" classname="ChurchApp_Pack_Sanity.ChurchApp_Sanity">
    <ignored/>
  </testcase> <!-- ActivityScreen -->
  <testcase name="Events_CheckDateFormat" time="0.0" classname="ChurchApp_Pack_Sanity.ChurchApp_Sanity">
    <ignored/>
  </testcase> <!-- Events_CheckDateFormat -->
</testsuite> <!-- Default test -->
