<?xml version="1.0" encoding="UTF-8"?>
<testng-results skipped="0" failed="0" ignored="2" total="6" passed="4">
  <reporter-output>
  </reporter-output>
  <suite name="Default suite" duration-ms="64827" started-at="2017-06-02T12:28:59Z" finished-at="2017-06-02T12:30:04Z">
    <groups>
    </groups>
    <test name="Default test" duration-ms="64827" started-at="2017-06-02T12:28:59Z" finished-at="2017-06-02T12:30:04Z">
      <class name="ChurchApp_Pack_Sanity.ChurchApp_Sanity">
        <test-method status="PASS" signature="setUp()[pri:1, instance:ChurchApp_Pack_Sanity.ChurchApp_Sanity@475530b9]" name="setUp" duration-ms="22576" started-at="2017-06-02T17:58:59Z" finished-at="2017-06-02T17:59:22Z">
          <reporter-output>
          </reporter-output>
        </test-method> <!-- setUp -->
        <test-method status="PASS" signature="EventScreen()[pri:3, instance:ChurchApp_Pack_Sanity.ChurchApp_Sanity@475530b9]" name="EventScreen" duration-ms="12265" started-at="2017-06-02T17:59:22Z" finished-at="2017-06-02T17:59:34Z">
          <reporter-output>
          </reporter-output>
        </test-method> <!-- EventScreen -->
        <test-method status="PASS" signature="AllEventsMonthDate()[pri:5, instance:ChurchApp_Pack_Sanity.ChurchApp_Sanity@475530b9]" name="AllEventsMonthDate" duration-ms="14988" started-at="2017-06-02T17:59:34Z" finished-at="2017-06-02T17:59:49Z">
          <reporter-output>
          </reporter-output>
        </test-method> <!-- AllEventsMonthDate -->
        <test-method status="PASS" signature="Events_Count()[pri:5, instance:ChurchApp_Pack_Sanity.ChurchApp_Sanity@475530b9]" name="Events_Count" duration-ms="14962" started-at="2017-06-02T17:59:49Z" finished-at="2017-06-02T18:00:04Z">
          <reporter-output>
          </reporter-output>
        </test-method> <!-- Events_Count -->
      </class> <!-- ChurchApp_Pack_Sanity.ChurchApp_Sanity -->
    </test> <!-- Default test -->
  </suite> <!-- Default suite -->
</testng-results>
